Using pre-set license
Built from '2020.3/staging' branch; Version is '2020.3.14f1 (d0d1bb862f9d) revision 13685179'; Using compiler version '192528614'; Build Type 'Release'
OS: 'Windows 10 Home; OS build 19044.1706; Version 2009; 64bit' Language: 'ko' Physical Memory: 16289 MB
BatchMode: 1, IsHumanControllingUs: 0, StartBugReporterOnCrash: 0, Is64bit: 1, IsPro: 0

 COMMAND LINE ARGUMENTS:
C:\Program Files\Unity\Hub\Editor\2020.3.14f1\Editor\Unity.exe
-adb2
-batchMode
-noUpm
-name
AssetImportWorker0
-projectPath
C:/Users/u/Desktop/종다리/0613_Project_Day
-logFile
Logs/AssetImportWorker0.log
-srvPort
53355
Successfully changed project path to: C:/Users/u/Desktop/종다리/0613_Project_Day
C:/Users/u/Desktop/종다리/0613_Project_Day
Using Asset Import Pipeline V2.
Refreshing native plugins compatible for Editor in 19.37 ms, found 2 plugins.
Preloading 0 native plugins for Editor in 0.00 ms.
Initialize engine version: 2020.3.14f1 (d0d1bb862f9d)
[Subsystems] Discovering subsystems at path C:/Program Files/Unity/Hub/Editor/2020.3.14f1/Editor/Data/Resources/UnitySubsystems
[Subsystems] Discovering subsystems at path C:/Users/u/Desktop/종다리/0613_Project_Day/Assets
GfxDevice: creating device client; threaded=0
Direct3D:
    Version:  Direct3D 11.0 [level 11.1]
    Renderer: NVIDIA GeForce RTX 3060 Ti (ID=0x2489)
    Vendor:   
    VRAM:     8050 MB
    Driver:   30.0.14.7212
Initialize mono
Mono path[0] = 'C:/Program Files/Unity/Hub/Editor/2020.3.14f1/Editor/Data/Managed'
Mono path[1] = 'C:/Program Files/Unity/Hub/Editor/2020.3.14f1/Editor/Data/MonoBleedingEdge/lib/mono/unityjit'
Mono config path = 'C:/Program Files/Unity/Hub/Editor/2020.3.14f1/Editor/Data/MonoBleedingEdge/etc'
Using monoOptions --debugger-agent=transport=dt_socket,embedding=1,server=y,suspend=n,address=127.0.0.1:56788
Begin MonoManager ReloadAssembly
Registering precompiled unity dll's ...
Register platform support module: C:/Program Files/Unity/Hub/Editor/2020.3.14f1/Editor/Data/PlaybackEngines/WindowsStandaloneSupport/UnityEditor.WindowsStandalone.Extensions.dll
Registered in 0.001307 seconds.
Native extension for WindowsStandalone target not found
Refreshing native plugins compatible for Editor in 18.69 ms, found 2 plugins.
Preloading 0 native plugins for Editor in 0.00 ms.
Mono: successfully reloaded assembly
- Completed reload, in  1.149 seconds
Domain Reload Profiling:
	ReloadAssembly (1149ms)
		BeginReloadAssembly (35ms)
			ExecutionOrderSort (0ms)
			DisableScriptedObjects (0ms)
			BackupInstance (0ms)
			ReleaseScriptingObjects (0ms)
			CreateAndSetChildDomain (0ms)
		EndReloadAssembly (243ms)
			LoadAssemblies (33ms)
			RebuildTransferFunctionScriptingTraits (0ms)
			SetupTypeCache (85ms)
			ReleaseScriptCaches (0ms)
			RebuildScriptCaches (17ms)
			SetupLoadedEditorAssemblies (95ms)
				LogAssemblyErrors (0ms)
				InitializePlatformSupportModulesInManaged (2ms)
				SetLoadedEditorAssemblies (0ms)
				RefreshPlugins (19ms)
				BeforeProcessingInitializeOnLoad (4ms)
				ProcessInitializeOnLoadAttributes (51ms)
				ProcessInitializeOnLoadMethodAttributes (18ms)
				AfterProcessingInitializeOnLoad (0ms)
				EditorAssembliesLoaded (0ms)
			ExecutionOrderSort2 (0ms)
			AwakeInstancesAfterBackupRestoration (0ms)
Platform modules already initialized, skipping
Registering precompiled user dll's ...
Registered in 0.002602 seconds.
Begin MonoManager ReloadAssembly
Native extension for WindowsStandalone target not found
Refreshing native plugins compatible for Editor in 0.29 ms, found 2 plugins.
Preloading 0 native plugins for Editor in 0.00 ms.
Mono: successfully reloaded assembly
- Completed reload, in  0.595 seconds
Domain Reload Profiling:
	ReloadAssembly (596ms)
		BeginReloadAssembly (89ms)
			ExecutionOrderSort (0ms)
			DisableScriptedObjects (3ms)
			BackupInstance (0ms)
			ReleaseScriptingObjects (0ms)
			CreateAndSetChildDomain (13ms)
		EndReloadAssembly (468ms)
			LoadAssemblies (53ms)
			RebuildTransferFunctionScriptingTraits (0ms)
			SetupTypeCache (150ms)
			ReleaseScriptCaches (0ms)
			RebuildScriptCaches (24ms)
			SetupLoadedEditorAssemblies (186ms)
				LogAssemblyErrors (0ms)
				InitializePlatformSupportModulesInManaged (3ms)
				SetLoadedEditorAssemblies (0ms)
				RefreshPlugins (0ms)
				BeforeProcessingInitializeOnLoad (34ms)
				ProcessInitializeOnLoadAttributes (141ms)
				ProcessInitializeOnLoadMethodAttributes (3ms)
				AfterProcessingInitializeOnLoad (5ms)
				EditorAssembliesLoaded (0ms)
			ExecutionOrderSort2 (0ms)
			AwakeInstancesAfterBackupRestoration (4ms)
Platform modules already initialized, skipping
========================================================================
Worker process is ready to serve import requests
Launched and connected shader compiler UnityShaderCompiler.exe after 0.03 seconds
Refreshing native plugins compatible for Editor in 0.27 ms, found 2 plugins.
Preloading 0 native plugins for Editor in 0.00 ms.
Unloading 1415 Unused Serialized files (Serialized files now loaded: 0)
System memory in use before: 139.0 MB.
System memory in use after: 139.1 MB.

Unloading 18 unused Assets to reduce memory usage. Loaded Objects now: 1865.
Total: 1.558700 ms (FindLiveObjects: 0.118700 ms CreateObjectMapping: 0.031400 ms MarkObjects: 1.345600 ms  DeleteObjects: 0.062200 ms)

AssetImportParameters requested are different than current active one (requested -> active):
  custom:framework-win-MediaFoundation: 216162199b28c13a410421893ffa2e32 -> 
  custom:video-decoder-ogg-theora: a1e56fd34408186e4bbccfd4996cb3dc -> 
  custom:container-muxer-webm: aa71ff27fc2769a1b78a27578f13a17b -> 
  custom:container-demuxer-webm: 4f35f7cbe854078d1ac9338744f61a02 -> 
  custom:container-demuxer-ogg: 62fdf1f143b41e24485cea50d1cbac27 -> 
  custom:video-encoder-webm-vp8: eb34c28f22e8b96e1ab97ce403110664 -> 
  custom:video-decoder-webm-vp8: 9c59270c3fd7afecdb556c50c9e8de78 -> 
  custom:audio-decoder-ogg-vorbis: bf7c407c2cedff20999df2af8eb42d56 -> 
  custom:audio-encoder-webm-vorbis: bf7c407c2cedff20999df2af8eb42d56 -> 
========================================================================
Received Import Request.
  path: Assets/Scenes/03_Book_ERP_Game.unity
  artifactKey: Guid(6ddb9bfa4639eb34bbadbe38e5b48668) Importer(815301076,1909f56bfc062723c751e8b465ee728b)
Start importing Assets/Scenes/03_Book_ERP_Game.unity using Guid(6ddb9bfa4639eb34bbadbe38e5b48668) Importer(815301076,1909f56bfc062723c751e8b465ee728b)  -> (artifact id: 'fe065e731b02739d00d981ed13e47997') in 0.011414 seconds 
  Import took 0.013129 seconds .

========================================================================
Received Import Request.
  Time since last request: 1.693359 seconds.
  path: Assets/Scenes/09_Recording.unity
  artifactKey: Guid(88fafa7aea825d646863fe940ab63a7d) Importer(815301076,1909f56bfc062723c751e8b465ee728b)
Start importing Assets/Scenes/09_Recording.unity using Guid(88fafa7aea825d646863fe940ab63a7d) Importer(815301076,1909f56bfc062723c751e8b465ee728b)  -> (artifact id: '6b69008dbae2fcf45adbbebe334824bd') in 0.002519 seconds 
  Import took 0.004280 seconds .

========================================================================
Received Import Request.
  Time since last request: 97.204253 seconds.
  path: Assets/Audio/ddang
  artifactKey: Guid(f6c2b592d2be6844cb48b8962ece4374) Importer(815301076,1909f56bfc062723c751e8b465ee728b)
Start importing Assets/Audio/ddang using Guid(f6c2b592d2be6844cb48b8962ece4374) Importer(815301076,1909f56bfc062723c751e8b465ee728b)  -> (artifact id: '264bcfd209552a4185ce551dce080f76') in 0.004863 seconds 
  Import took 0.006816 seconds .

========================================================================
Received Import Request.
  Time since last request: 0.077783 seconds.
  path: Assets/Audio/ddang/tin1.mp3
  artifactKey: Guid(05846d7762eaf3946860d5e2bf394100) Importer(815301076,1909f56bfc062723c751e8b465ee728b)
Start importing Assets/Audio/ddang/tin1.mp3 using Guid(05846d7762eaf3946860d5e2bf394100) Importer(815301076,1909f56bfc062723c751e8b465ee728b)  -> (artifact id: '74833a6b0e479d47ad8a47839bff3c27') in 0.069680 seconds 
  Import took 0.071637 seconds .

========================================================================
Received Import Request.
  Time since last request: 0.000127 seconds.
  path: Assets/Audio/ddang/땡.wav
  artifactKey: Guid(9ea72860b7e736249b8266b94798db61) Importer(815301076,1909f56bfc062723c751e8b465ee728b)
Start importing Assets/Audio/ddang/땡.wav using Guid(9ea72860b7e736249b8266b94798db61) Importer(815301076,1909f56bfc062723c751e8b465ee728b)  -> (artifact id: '249666a14ab53cc1d6dc2dc8bbd955c4') in 0.009715 seconds 
  Import took 0.011166 seconds .

========================================================================
Received Import Request.
  Time since last request: 0.000759 seconds.
  path: Assets/Audio/ddang/땡.wav
  artifactKey: Guid(9ea72860b7e736249b8266b94798db61) Importer(815301076,1909f56bfc062723c751e8b465ee728b)
Start importing Assets/Audio/ddang/땡.wav using Guid(9ea72860b7e736249b8266b94798db61) Importer(815301076,1909f56bfc062723c751e8b465ee728b)  -> (artifact id: '249666a14ab53cc1d6dc2dc8bbd955c4') in 0.006216 seconds 
  Import took 0.007706 seconds .

========================================================================
Received Import Request.
  Time since last request: 1.548691 seconds.
  path: Assets/Audio/dingdongdang/[효과음닷컴-띵동,버튼,뾰로롱,삐용,전자음]딩동댕1.wav
  artifactKey: Guid(56ea73cf8ed60a74889de6c79f0e843c) Importer(815301076,1909f56bfc062723c751e8b465ee728b)
Start importing Assets/Audio/dingdongdang/[효과음닷컴-띵동,버튼,뾰로롱,삐용,전자음]딩동댕1.wav using Guid(56ea73cf8ed60a74889de6c79f0e843c) Importer(815301076,1909f56bfc062723c751e8b465ee728b)  -> (artifact id: 'd0245c9aebebebf4ee8ca67abc8cb174') in 0.009050 seconds 
  Import took 0.010777 seconds .

========================================================================
Received Import Request.
  Time since last request: 0.000112 seconds.
  path: Assets/Audio/dingdongdang/[효과음닷컴-띵동,버튼,뾰로롱,삐용,전자음]따뜻한 접속소리Warm_Interface_Sound (2).wav
  artifactKey: Guid(bcc26063e9c40c6419b7fb1f6cc372f5) Importer(815301076,1909f56bfc062723c751e8b465ee728b)
Start importing Assets/Audio/dingdongdang/[효과음닷컴-띵동,버튼,뾰로롱,삐용,전자음]따뜻한 접속소리Warm_Interface_Sound (2).wav using Guid(bcc26063e9c40c6419b7fb1f6cc372f5) Importer(815301076,1909f56bfc062723c751e8b465ee728b)  -> (artifact id: '80d4eeae40a5616f2679c02b2eb07a1b') in 0.007303 seconds 
  Import took 0.008768 seconds .

========================================================================
Received Import Request.
  Time since last request: 0.000108 seconds.
  path: Assets/Audio/dingdongdang/[효과음닷컴-띵동,버튼,뾰로롱,삐용,전자음]딩동댕동.wav
  artifactKey: Guid(c6b89ccf59f4cb74c8a8aa3c8e932233) Importer(815301076,1909f56bfc062723c751e8b465ee728b)
Start importing Assets/Audio/dingdongdang/[효과음닷컴-띵동,버튼,뾰로롱,삐용,전자음]딩동댕동.wav using Guid(c6b89ccf59f4cb74c8a8aa3c8e932233) Importer(815301076,1909f56bfc062723c751e8b465ee728b)  -> (artifact id: 'ae987fc457321de1e653570bf53d51a0') in 0.011548 seconds 
  Import took 0.012924 seconds .

========================================================================
Received Import Request.
  Time since last request: 0.000110 seconds.
  path: Assets/Audio/dingdongdang/[효과음닷컴-띵동,버튼,뾰로롱,삐용,전자음]딩동댕2.wav
  artifactKey: Guid(9a52474615e39ef43bdc227046e91273) Importer(815301076,1909f56bfc062723c751e8b465ee728b)
Start importing Assets/Audio/dingdongdang/[효과음닷컴-띵동,버튼,뾰로롱,삐용,전자음]딩동댕2.wav using Guid(9a52474615e39ef43bdc227046e91273) Importer(815301076,1909f56bfc062723c751e8b465ee728b)  -> (artifact id: 'baf2a81824a52021e44954c30cb9183a') in 0.013452 seconds 
  Import took 0.014880 seconds .

========================================================================
Received Import Request.
  Time since last request: 0.000135 seconds.
  path: Assets/Audio/dingdongdang/[효과음닷컴-띵동,버튼,뾰로롱,삐용,전자음]따뜻한 접속소리Warm_Interface_Sound (3).wav
  artifactKey: Guid(acaf126da442d3941a111da129b3a252) Importer(815301076,1909f56bfc062723c751e8b465ee728b)
Start importing Assets/Audio/dingdongdang/[효과음닷컴-띵동,버튼,뾰로롱,삐용,전자음]따뜻한 접속소리Warm_Interface_Sound (3).wav using Guid(acaf126da442d3941a111da129b3a252) Importer(815301076,1909f56bfc062723c751e8b465ee728b)  -> (artifact id: 'e14908815dc3bff1b0d0eba70791c68f') in 0.014867 seconds 
  Import took 0.016342 seconds .

========================================================================
Received Import Request.
  Time since last request: 0.000116 seconds.
  path: Assets/Audio/dingdongdang/[효과음닷컴-띵동,버튼,뾰로롱,삐용,전자음]따뜻한 접속소리Warm_Interface_Sound (1).wav
  artifactKey: Guid(ceb4a06661c550b4aa31ee12537f6671) Importer(815301076,1909f56bfc062723c751e8b465ee728b)
Start importing Assets/Audio/dingdongdang/[효과음닷컴-띵동,버튼,뾰로롱,삐용,전자음]따뜻한 접속소리Warm_Interface_Sound (1).wav using Guid(ceb4a06661c550b4aa31ee12537f6671) Importer(815301076,1909f56bfc062723c751e8b465ee728b)  -> (artifact id: '930ee96d11bba629d5d34660bd3f73f7') in 0.013497 seconds 
  Import took 0.014885 seconds .

========================================================================
Received Import Request.
  Time since last request: 0.000115 seconds.
  path: Assets/Audio/dingdongdang/[효과음닷컴-띵동,버튼,뾰로롱,삐용,전자음]따뜻한 접속소리Warm_Interface_Sound (5).wav
  artifactKey: Guid(911081a9dbddf864c9d9dcf208361284) Importer(815301076,1909f56bfc062723c751e8b465ee728b)
Start importing Assets/Audio/dingdongdang/[효과음닷컴-띵동,버튼,뾰로롱,삐용,전자음]따뜻한 접속소리Warm_Interface_Sound (5).wav using Guid(911081a9dbddf864c9d9dcf208361284) Importer(815301076,1909f56bfc062723c751e8b465ee728b)  -> (artifact id: 'd0b728f220891d06892ede6137fc77d4') in 0.015835 seconds 
  Import took 0.017332 seconds .

========================================================================
Received Import Request.
  Time since last request: 0.000105 seconds.
  path: Assets/Audio/dingdongdang/[효과음닷컴-띵동,버튼,뾰로롱,삐용,전자음]따뜻한 접속소리Warm_Interface_Sound (4).wav
  artifactKey: Guid(ba9d0565a9c7a3d4dac6aa30251270f1) Importer(815301076,1909f56bfc062723c751e8b465ee728b)
Start importing Assets/Audio/dingdongdang/[효과음닷컴-띵동,버튼,뾰로롱,삐용,전자음]따뜻한 접속소리Warm_Interface_Sound (4).wav using Guid(ba9d0565a9c7a3d4dac6aa30251270f1) Importer(815301076,1909f56bfc062723c751e8b465ee728b)  -> (artifact id: '2f47ffaf4f9a0f23f8bc195133e0fcb6') in 0.015125 seconds 
  Import took 0.016529 seconds .

========================================================================
Received Import Request.
  Time since last request: 0.000107 seconds.
  path: Assets/Audio/dingdongdang/[효과음닷컴-띵동,버튼,뾰로롱,삐용,전자음]딩동댕3.wav
  artifactKey: Guid(e1c371dfa2dbadb4fbc9e4bc3efc585e) Importer(815301076,1909f56bfc062723c751e8b465ee728b)
Start importing Assets/Audio/dingdongdang/[효과음닷컴-띵동,버튼,뾰로롱,삐용,전자음]딩동댕3.wav using Guid(e1c371dfa2dbadb4fbc9e4bc3efc585e) Importer(815301076,1909f56bfc062723c751e8b465ee728b)  -> (artifact id: '338d540f0fb76c783e6fb9949ffce05c') in 0.016255 seconds 
  Import took 0.017763 seconds .

========================================================================
Received Prepare
Registering precompiled user dll's ...
Registered in 0.002360 seconds.
Begin MonoManager ReloadAssembly
Native extension for WindowsStandalone target not found
Refreshing native plugins compatible for Editor in 0.29 ms, found 2 plugins.
Preloading 0 native plugins for Editor in 0.00 ms.
Mono: successfully reloaded assembly
- Completed reload, in  0.676 seconds
Domain Reload Profiling:
	ReloadAssembly (676ms)
		BeginReloadAssembly (78ms)
			ExecutionOrderSort (0ms)
			DisableScriptedObjects (3ms)
			BackupInstance (0ms)
			ReleaseScriptingObjects (0ms)
			CreateAndSetChildDomain (23ms)
		EndReloadAssembly (556ms)
			LoadAssemblies (54ms)
			RebuildTransferFunctionScriptingTraits (0ms)
			SetupTypeCache (159ms)
			ReleaseScriptCaches (1ms)
			RebuildScriptCaches (31ms)
			SetupLoadedEditorAssemblies (207ms)
				LogAssemblyErrors (0ms)
				InitializePlatformSupportModulesInManaged (3ms)
				SetLoadedEditorAssemblies (0ms)
				RefreshPlugins (0ms)
				BeforeProcessingInitializeOnLoad (33ms)
				ProcessInitializeOnLoadAttributes (153ms)
				ProcessInitializeOnLoadMethodAttributes (3ms)
				AfterProcessingInitializeOnLoad (13ms)
				EditorAssembliesLoaded (0ms)
			ExecutionOrderSort2 (0ms)
			AwakeInstancesAfterBackupRestoration (8ms)
Platform modules already initialized, skipping
Refreshing native plugins compatible for Editor in 0.29 ms, found 2 plugins.
Preloading 0 native plugins for Editor in 0.00 ms.
Unloading 1410 Unused Serialized files (Serialized files now loaded: 0)
System memory in use before: 142.2 MB.
System memory in use after: 142.2 MB.

Unloading 14 unused Assets to reduce memory usage. Loaded Objects now: 1877.
Total: 1.672600 ms (FindLiveObjects: 0.107700 ms CreateObjectMapping: 0.026900 ms MarkObjects: 1.489100 ms  DeleteObjects: 0.048200 ms)

AssetImportParameters requested are different than current active one (requested -> active):
  custom:framework-win-MediaFoundation: 216162199b28c13a410421893ffa2e32 -> 
  custom:video-decoder-ogg-theora: a1e56fd34408186e4bbccfd4996cb3dc -> 
  custom:container-muxer-webm: aa71ff27fc2769a1b78a27578f13a17b -> 
  custom:container-demuxer-webm: 4f35f7cbe854078d1ac9338744f61a02 -> 
  custom:container-demuxer-ogg: 62fdf1f143b41e24485cea50d1cbac27 -> 
  custom:video-encoder-webm-vp8: eb34c28f22e8b96e1ab97ce403110664 -> 
  custom:video-decoder-webm-vp8: 9c59270c3fd7afecdb556c50c9e8de78 -> 
  custom:audio-decoder-ogg-vorbis: bf7c407c2cedff20999df2af8eb42d56 -> 
  custom:audio-encoder-webm-vorbis: bf7c407c2cedff20999df2af8eb42d56 -> 
========================================================================
Received Prepare
Refreshing native plugins compatible for Editor in 2.29 ms, found 2 plugins.
Preloading 0 native plugins for Editor in 0.00 ms.
Unloading 12 Unused Serialized files (Serialized files now loaded: 0)
System memory in use before: 114.5 MB.
System memory in use after: 114.6 MB.

Unloading 12 unused Assets to reduce memory usage. Loaded Objects now: 1877.
Total: 1.866600 ms (FindLiveObjects: 0.134000 ms CreateObjectMapping: 0.025200 ms MarkObjects: 1.672400 ms  DeleteObjects: 0.034300 ms)

AssetImportParameters requested are different than current active one (requested -> active):
  custom:framework-win-MediaFoundation: 216162199b28c13a410421893ffa2e32 -> 
  custom:video-decoder-ogg-theora: a1e56fd34408186e4bbccfd4996cb3dc -> 
  custom:container-muxer-webm: aa71ff27fc2769a1b78a27578f13a17b -> 
  custom:container-demuxer-webm: 4f35f7cbe854078d1ac9338744f61a02 -> 
  custom:container-demuxer-ogg: 62fdf1f143b41e24485cea50d1cbac27 -> 
  custom:video-encoder-webm-vp8: eb34c28f22e8b96e1ab97ce403110664 -> 
  custom:video-decoder-webm-vp8: 9c59270c3fd7afecdb556c50c9e8de78 -> 
  custom:audio-decoder-ogg-vorbis: bf7c407c2cedff20999df2af8eb42d56 -> 
  custom:audio-encoder-webm-vorbis: bf7c407c2cedff20999df2af8eb42d56 -> 
========================================================================
Received Import Request.
  Time since last request: 301.394440 seconds.
  path: Assets/Audio/평화로운-여유-둔탁-전자음-E003.mp3
  artifactKey: Guid(cff4809707a3e5d42af0a5f5790d871a) Importer(815301076,1909f56bfc062723c751e8b465ee728b)
Start importing Assets/Audio/평화로운-여유-둔탁-전자음-E003.mp3 using Guid(cff4809707a3e5d42af0a5f5790d871a) Importer(815301076,1909f56bfc062723c751e8b465ee728b)  -> (artifact id: 'ee21dfc04a98cdf271860565a2e70747') in 0.032057 seconds 
  Import took 0.034096 seconds .

========================================================================
Received Prepare
Registering precompiled user dll's ...
Registered in 0.002440 seconds.
Begin MonoManager ReloadAssembly
Native extension for WindowsStandalone target not found
Refreshing native plugins compatible for Editor in 0.28 ms, found 2 plugins.
Preloading 0 native plugins for Editor in 0.00 ms.
Mono: successfully reloaded assembly
- Completed reload, in  0.555 seconds
Domain Reload Profiling:
	ReloadAssembly (555ms)
		BeginReloadAssembly (73ms)
			ExecutionOrderSort (0ms)
			DisableScriptedObjects (3ms)
			BackupInstance (0ms)
			ReleaseScriptingObjects (0ms)
			CreateAndSetChildDomain (20ms)
		EndReloadAssembly (443ms)
			LoadAssemblies (52ms)
			RebuildTransferFunctionScriptingTraits (0ms)
			SetupTypeCache (148ms)
			ReleaseScriptCaches (1ms)
			RebuildScriptCaches (21ms)
			SetupLoadedEditorAssemblies (169ms)
				LogAssemblyErrors (0ms)
				InitializePlatformSupportModulesInManaged (3ms)
				SetLoadedEditorAssemblies (0ms)
				RefreshPlugins (0ms)
				BeforeProcessingInitializeOnLoad (30ms)
				ProcessInitializeOnLoadAttributes (128ms)
				ProcessInitializeOnLoadMethodAttributes (2ms)
				AfterProcessingInitializeOnLoad (5ms)
				EditorAssembliesLoaded (0ms)
			ExecutionOrderSort2 (0ms)
			AwakeInstancesAfterBackupRestoration (4ms)
Platform modules already initialized, skipping
Refreshing native plugins compatible for Editor in 0.28 ms, found 2 plugins.
Preloading 0 native plugins for Editor in 0.00 ms.
Unloading 1410 Unused Serialized files (Serialized files now loaded: 0)
System memory in use before: 142.2 MB.
System memory in use after: 142.3 MB.

Unloading 14 unused Assets to reduce memory usage. Loaded Objects now: 1881.
Total: 1.577600 ms (FindLiveObjects: 0.105000 ms CreateObjectMapping: 0.032700 ms MarkObjects: 1.405000 ms  DeleteObjects: 0.034300 ms)

AssetImportParameters requested are different than current active one (requested -> active):
  custom:framework-win-MediaFoundation: 216162199b28c13a410421893ffa2e32 -> 
  custom:video-decoder-ogg-theora: a1e56fd34408186e4bbccfd4996cb3dc -> 
  custom:container-muxer-webm: aa71ff27fc2769a1b78a27578f13a17b -> 
  custom:container-demuxer-webm: 4f35f7cbe854078d1ac9338744f61a02 -> 
  custom:container-demuxer-ogg: 62fdf1f143b41e24485cea50d1cbac27 -> 
  custom:video-encoder-webm-vp8: eb34c28f22e8b96e1ab97ce403110664 -> 
  custom:video-decoder-webm-vp8: 9c59270c3fd7afecdb556c50c9e8de78 -> 
  custom:audio-decoder-ogg-vorbis: bf7c407c2cedff20999df2af8eb42d56 -> 
  custom:audio-encoder-webm-vorbis: bf7c407c2cedff20999df2af8eb42d56 -> 
========================================================================
Received Import Request.
  Time since last request: 101.211128 seconds.
  path: Assets/Scenes/02_Room_Main.unity
  artifactKey: Guid(e1e7214680d1fc74bbd0651ab11c942b) Importer(815301076,1909f56bfc062723c751e8b465ee728b)
Start importing Assets/Scenes/02_Room_Main.unity using Guid(e1e7214680d1fc74bbd0651ab11c942b) Importer(815301076,1909f56bfc062723c751e8b465ee728b)  -> (artifact id: '4b7d58e5c5612f8d848b19203521c6fc') in 0.010570 seconds 
  Import took 0.012416 seconds .

========================================================================
Received Prepare
Registering precompiled user dll's ...
Registered in 0.002668 seconds.
Begin MonoManager ReloadAssembly
Native extension for WindowsStandalone target not found
Refreshing native plugins compatible for Editor in 0.28 ms, found 2 plugins.
Preloading 0 native plugins for Editor in 0.00 ms.
Mono: successfully reloaded assembly
- Completed reload, in  0.565 seconds
Domain Reload Profiling:
	ReloadAssembly (565ms)
		BeginReloadAssembly (77ms)
			ExecutionOrderSort (0ms)
			DisableScriptedObjects (3ms)
			BackupInstance (0ms)
			ReleaseScriptingObjects (0ms)
			CreateAndSetChildDomain (21ms)
		EndReloadAssembly (450ms)
			LoadAssemblies (52ms)
			RebuildTransferFunctionScriptingTraits (0ms)
			SetupTypeCache (148ms)
			ReleaseScriptCaches (1ms)
			RebuildScriptCaches (21ms)
			SetupLoadedEditorAssemblies (171ms)
				LogAssemblyErrors (0ms)
				InitializePlatformSupportModulesInManaged (3ms)
				SetLoadedEditorAssemblies (1ms)
				RefreshPlugins (0ms)
				BeforeProcessingInitializeOnLoad (30ms)
				ProcessInitializeOnLoadAttributes (130ms)
				ProcessInitializeOnLoadMethodAttributes (3ms)
				AfterProcessingInitializeOnLoad (4ms)
				EditorAssembliesLoaded (0ms)
			ExecutionOrderSort2 (0ms)
			AwakeInstancesAfterBackupRestoration (4ms)
Platform modules already initialized, skipping
Refreshing native plugins compatible for Editor in 0.29 ms, found 2 plugins.
Preloading 0 native plugins for Editor in 0.00 ms.
Unloading 1410 Unused Serialized files (Serialized files now loaded: 0)
System memory in use before: 142.2 MB.
System memory in use after: 142.3 MB.

Unloading 14 unused Assets to reduce memory usage. Loaded Objects now: 1884.
Total: 1.432800 ms (FindLiveObjects: 0.093700 ms CreateObjectMapping: 0.031300 ms MarkObjects: 1.272200 ms  DeleteObjects: 0.034600 ms)

AssetImportParameters requested are different than current active one (requested -> active):
  custom:framework-win-MediaFoundation: 216162199b28c13a410421893ffa2e32 -> 
  custom:video-decoder-ogg-theora: a1e56fd34408186e4bbccfd4996cb3dc -> 
  custom:container-muxer-webm: aa71ff27fc2769a1b78a27578f13a17b -> 
  custom:container-demuxer-webm: 4f35f7cbe854078d1ac9338744f61a02 -> 
  custom:container-demuxer-ogg: 62fdf1f143b41e24485cea50d1cbac27 -> 
  custom:video-encoder-webm-vp8: eb34c28f22e8b96e1ab97ce403110664 -> 
  custom:video-decoder-webm-vp8: 9c59270c3fd7afecdb556c50c9e8de78 -> 
  custom:audio-decoder-ogg-vorbis: bf7c407c2cedff20999df2af8eb42d56 -> 
  custom:audio-encoder-webm-vorbis: bf7c407c2cedff20999df2af8eb42d56 -> 
========================================================================
Received Prepare
Registering precompiled user dll's ...
Registered in 0.002368 seconds.
Begin MonoManager ReloadAssembly
Native extension for WindowsStandalone target not found
Refreshing native plugins compatible for Editor in 0.28 ms, found 2 plugins.
Preloading 0 native plugins for Editor in 0.00 ms.
Mono: successfully reloaded assembly
- Completed reload, in  0.566 seconds
Domain Reload Profiling:
	ReloadAssembly (566ms)
		BeginReloadAssembly (81ms)
			ExecutionOrderSort (0ms)
			DisableScriptedObjects (3ms)
			BackupInstance (0ms)
			ReleaseScriptingObjects (0ms)
			CreateAndSetChildDomain (20ms)
		EndReloadAssembly (446ms)
			LoadAssemblies (52ms)
			RebuildTransferFunctionScriptingTraits (0ms)
			SetupTypeCache (146ms)
			ReleaseScriptCaches (1ms)
			RebuildScriptCaches (22ms)
			SetupLoadedEditorAssemblies (171ms)
				LogAssemblyErrors (0ms)
				InitializePlatformSupportModulesInManaged (3ms)
				SetLoadedEditorAssemblies (0ms)
				RefreshPlugins (0ms)
				BeforeProcessingInitializeOnLoad (30ms)
				ProcessInitializeOnLoadAttributes (130ms)
				ProcessInitializeOnLoadMethodAttributes (2ms)
				AfterProcessingInitializeOnLoad (5ms)
				EditorAssembliesLoaded (0ms)
			ExecutionOrderSort2 (0ms)
			AwakeInstancesAfterBackupRestoration (4ms)
Platform modules already initialized, skipping
Refreshing native plugins compatible for Editor in 0.28 ms, found 2 plugins.
Preloading 0 native plugins for Editor in 0.00 ms.
Unloading 1410 Unused Serialized files (Serialized files now loaded: 0)
System memory in use before: 142.2 MB.
System memory in use after: 142.3 MB.

Unloading 14 unused Assets to reduce memory usage. Loaded Objects now: 1887.
Total: 1.403400 ms (FindLiveObjects: 0.085700 ms CreateObjectMapping: 0.025600 ms MarkObjects: 1.258000 ms  DeleteObjects: 0.033400 ms)

AssetImportParameters requested are different than current active one (requested -> active):
  custom:framework-win-MediaFoundation: 216162199b28c13a410421893ffa2e32 -> 
  custom:video-decoder-ogg-theora: a1e56fd34408186e4bbccfd4996cb3dc -> 
  custom:container-muxer-webm: aa71ff27fc2769a1b78a27578f13a17b -> 
  custom:container-demuxer-webm: 4f35f7cbe854078d1ac9338744f61a02 -> 
  custom:container-demuxer-ogg: 62fdf1f143b41e24485cea50d1cbac27 -> 
  custom:video-encoder-webm-vp8: eb34c28f22e8b96e1ab97ce403110664 -> 
  custom:video-decoder-webm-vp8: 9c59270c3fd7afecdb556c50c9e8de78 -> 
  custom:audio-decoder-ogg-vorbis: bf7c407c2cedff20999df2af8eb42d56 -> 
  custom:audio-encoder-webm-vorbis: bf7c407c2cedff20999df2af8eb42d56 -> 
========================================================================
Received Import Request.
  Time since last request: 77.362020 seconds.
  path: Assets/Scenes/06_Settings.unity
  artifactKey: Guid(5af7763a86a4e054c87f54977058967f) Importer(815301076,1909f56bfc062723c751e8b465ee728b)
Start importing Assets/Scenes/06_Settings.unity using Guid(5af7763a86a4e054c87f54977058967f) Importer(815301076,1909f56bfc062723c751e8b465ee728b)  -> (artifact id: '72d0e47020c3a2ae01a4b13a91e24271') in 0.009946 seconds 
  Import took 0.011690 seconds .

========================================================================
Received Import Request.
  Time since last request: 16.172418 seconds.
  path: Assets/Audio/dingdongdang
  artifactKey: Guid(9ed664fbac1f5b04fba74b0f1f15d336) Importer(815301076,1909f56bfc062723c751e8b465ee728b)
Start importing Assets/Audio/dingdongdang using Guid(9ed664fbac1f5b04fba74b0f1f15d336) Importer(815301076,1909f56bfc062723c751e8b465ee728b)  -> (artifact id: '60cfd5553c0d51ddfa2a624d5521053a') in 0.004477 seconds 
  Import took 0.006263 seconds .

========================================================================
Received Import Request.
  Time since last request: 19.529049 seconds.
  path: Assets/Scenes/09_Recording.unity
  artifactKey: Guid(88fafa7aea825d646863fe940ab63a7d) Importer(815301076,1909f56bfc062723c751e8b465ee728b)
Start importing Assets/Scenes/09_Recording.unity using Guid(88fafa7aea825d646863fe940ab63a7d) Importer(815301076,1909f56bfc062723c751e8b465ee728b)  -> (artifact id: '45a42b67c97aa166e768b528ebcf89f7') in 0.002128 seconds 
  Import took 0.003860 seconds .

========================================================================
Received Import Request.
  Time since last request: 0.566129 seconds.
  path: Assets/Scenes/10_Wise_Saying.unity
  artifactKey: Guid(df0d0fcc02b8ab540a1f5b4902282de5) Importer(815301076,1909f56bfc062723c751e8b465ee728b)
Start importing Assets/Scenes/10_Wise_Saying.unity using Guid(df0d0fcc02b8ab540a1f5b4902282de5) Importer(815301076,1909f56bfc062723c751e8b465ee728b)  -> (artifact id: 'ce833c9f404dc1410f0f5d50527c7627') in 0.004498 seconds 
  Import took 0.006312 seconds .

========================================================================
Received Import Request.
  Time since last request: 20.647835 seconds.
  path: Assets/Scenes/10_Wise_Saying.unity
  artifactKey: Guid(df0d0fcc02b8ab540a1f5b4902282de5) Importer(815301076,1909f56bfc062723c751e8b465ee728b)
Start importing Assets/Scenes/10_Wise_Saying.unity using Guid(df0d0fcc02b8ab540a1f5b4902282de5) Importer(815301076,1909f56bfc062723c751e8b465ee728b)  -> (artifact id: '6385ec16e5684adb8b601c699ce84745') in 0.002520 seconds 
  Import took 0.004344 seconds .

========================================================================
Received Import Request.
  Time since last request: 32.157453 seconds.
  path: Assets/Scenes/12_Book_ERP_Game.unity
  artifactKey: Guid(33bdf2610460b62439a49992c4033259) Importer(815301076,1909f56bfc062723c751e8b465ee728b)
Start importing Assets/Scenes/12_Book_ERP_Game.unity using Guid(33bdf2610460b62439a49992c4033259) Importer(815301076,1909f56bfc062723c751e8b465ee728b)  -> (artifact id: '1fecd44b29664835095b10bb1184e1fd') in 0.004465 seconds 
  Import took 0.006238 seconds .

========================================================================
Received Import Request.
  Time since last request: 12.536083 seconds.
  path: Assets/Scenes/11_Book_ERP_Game.unity
  artifactKey: Guid(80f23c38daff42849be09f5515e4a495) Importer(815301076,1909f56bfc062723c751e8b465ee728b)
Start importing Assets/Scenes/11_Book_ERP_Game.unity using Guid(80f23c38daff42849be09f5515e4a495) Importer(815301076,1909f56bfc062723c751e8b465ee728b)  -> (artifact id: '3a5465a07d8fbc87b3b221dbc7da224b') in 0.004032 seconds 
  Import took 0.005856 seconds .

========================================================================
Received Import Request.
  Time since last request: 0.633944 seconds.
  path: Assets/Scenes/12_Book_ERP_Game.unity
  artifactKey: Guid(33bdf2610460b62439a49992c4033259) Importer(815301076,1909f56bfc062723c751e8b465ee728b)
Start importing Assets/Scenes/12_Book_ERP_Game.unity using Guid(33bdf2610460b62439a49992c4033259) Importer(815301076,1909f56bfc062723c751e8b465ee728b)  -> (artifact id: '468cf3569a5ee591e671ccc02a0099f3') in 0.001841 seconds 
  Import took 0.003577 seconds .

========================================================================
Received Import Request.
  Time since last request: 2.372504 seconds.
  path: Assets/Scenes/13_Go_Back.unity
  artifactKey: Guid(64a36ea83419601448c1f82c96aa995c) Importer(815301076,1909f56bfc062723c751e8b465ee728b)
Start importing Assets/Scenes/13_Go_Back.unity using Guid(64a36ea83419601448c1f82c96aa995c) Importer(815301076,1909f56bfc062723c751e8b465ee728b)  -> (artifact id: 'e63af514d77e03dedb2cb3505d0dc71b') in 0.004518 seconds 
  Import took 0.006361 seconds .

========================================================================
Received Import Request.
  Time since last request: 2.713147 seconds.
  path: Assets/Scenes/14_Purpose_Saying.unity
  artifactKey: Guid(da6c021107df7b84da83acc23d392937) Importer(815301076,1909f56bfc062723c751e8b465ee728b)
Start importing Assets/Scenes/14_Purpose_Saying.unity using Guid(da6c021107df7b84da83acc23d392937) Importer(815301076,1909f56bfc062723c751e8b465ee728b)  -> (artifact id: '44827c6c4a845050ffa7cbf1fc2cdb1c') in 0.004332 seconds 
  Import took 0.006113 seconds .

========================================================================
Received Import Request.
  Time since last request: 21.585093 seconds.
  path: Assets/Scenes/14_Purpose_Saying.unity
  artifactKey: Guid(da6c021107df7b84da83acc23d392937) Importer(815301076,1909f56bfc062723c751e8b465ee728b)
Start importing Assets/Scenes/14_Purpose_Saying.unity using Guid(da6c021107df7b84da83acc23d392937) Importer(815301076,1909f56bfc062723c751e8b465ee728b)  -> (artifact id: '6a19cb93c0acf425b1d2fbc5d10316b7') in 0.001880 seconds 
  Import took 0.003825 seconds .

========================================================================
Received Import Request.
  Time since last request: 3.678869 seconds.
  path: Assets/Scenes/18_Recording.unity
  artifactKey: Guid(14e627d2af8f8794899e931254fc454e) Importer(815301076,1909f56bfc062723c751e8b465ee728b)
Start importing Assets/Scenes/18_Recording.unity using Guid(14e627d2af8f8794899e931254fc454e) Importer(815301076,1909f56bfc062723c751e8b465ee728b)  -> (artifact id: 'd421ac04318b18772e1202039ac46f7c') in 0.004552 seconds 
  Import took 0.006363 seconds .

========================================================================
Received Import Request.
  Time since last request: 21.770039 seconds.
  path: Assets/Scenes/16_Book_ERP_Game.unity
  artifactKey: Guid(bc62cdb198bd0d14aa7c1538f2fa38c8) Importer(815301076,1909f56bfc062723c751e8b465ee728b)
Start importing Assets/Scenes/16_Book_ERP_Game.unity using Guid(bc62cdb198bd0d14aa7c1538f2fa38c8) Importer(815301076,1909f56bfc062723c751e8b465ee728b)  -> (artifact id: 'a263098c3bdbbeff731e019b6cf44b95') in 0.001798 seconds 
  Import took 0.003533 seconds .

========================================================================
Received Import Request.
  Time since last request: 34.377571 seconds.
  path: Assets/Scenes/17_Book_ERP_Game.unity
  artifactKey: Guid(f968965c9e678db40807c333716b5896) Importer(815301076,1909f56bfc062723c751e8b465ee728b)
Start importing Assets/Scenes/17_Book_ERP_Game.unity using Guid(f968965c9e678db40807c333716b5896) Importer(815301076,1909f56bfc062723c751e8b465ee728b)  -> (artifact id: 'f6b9a9e0fadae683869951817100e1c7') in 0.004108 seconds 
  Import took 0.005921 seconds .

========================================================================
Received Import Request.
  Time since last request: 7.961934 seconds.
  path: Assets/Scenes/16_Book_ERP_Game.unity
  artifactKey: Guid(bc62cdb198bd0d14aa7c1538f2fa38c8) Importer(815301076,1909f56bfc062723c751e8b465ee728b)
Start importing Assets/Scenes/16_Book_ERP_Game.unity using Guid(bc62cdb198bd0d14aa7c1538f2fa38c8) Importer(815301076,1909f56bfc062723c751e8b465ee728b)  -> (artifact id: '20bde520cf52144422fa596ab24fc24a') in 0.001792 seconds 
  Import took 0.003581 seconds .

========================================================================
Received Import Request.
  Time since last request: 37.733066 seconds.
  path: Assets/Scenes/19_Success_beta.unity
  artifactKey: Guid(e5f47a94d1f93ae409b68cf63dc96480) Importer(815301076,1909f56bfc062723c751e8b465ee728b)
Start importing Assets/Scenes/19_Success_beta.unity using Guid(e5f47a94d1f93ae409b68cf63dc96480) Importer(815301076,1909f56bfc062723c751e8b465ee728b)  -> (artifact id: '68dfc1fbe9d13d3ae5f6591c0e57c732') in 0.004601 seconds 
  Import took 0.006484 seconds .

========================================================================
Received Prepare
Refreshing native plugins compatible for Editor in 3.18 ms, found 2 plugins.
Preloading 0 native plugins for Editor in 0.00 ms.
Unloading 12 Unused Serialized files (Serialized files now loaded: 0)
System memory in use before: 114.7 MB.
System memory in use after: 114.7 MB.

Unloading 12 unused Assets to reduce memory usage. Loaded Objects now: 1887.
Total: 2.803200 ms (FindLiveObjects: 0.236800 ms CreateObjectMapping: 0.032000 ms MarkObjects: 2.476600 ms  DeleteObjects: 0.056800 ms)

AssetImportParameters requested are different than current active one (requested -> active):
  custom:framework-win-MediaFoundation: 216162199b28c13a410421893ffa2e32 -> 
  custom:video-decoder-ogg-theora: a1e56fd34408186e4bbccfd4996cb3dc -> 
  custom:container-muxer-webm: aa71ff27fc2769a1b78a27578f13a17b -> 
  custom:container-demuxer-webm: 4f35f7cbe854078d1ac9338744f61a02 -> 
  custom:container-demuxer-ogg: 62fdf1f143b41e24485cea50d1cbac27 -> 
  custom:video-encoder-webm-vp8: eb34c28f22e8b96e1ab97ce403110664 -> 
  custom:video-decoder-webm-vp8: 9c59270c3fd7afecdb556c50c9e8de78 -> 
  custom:audio-decoder-ogg-vorbis: bf7c407c2cedff20999df2af8eb42d56 -> 
  custom:audio-encoder-webm-vorbis: bf7c407c2cedff20999df2af8eb42d56 -> 
AssetImportWorkerClient::OnTransportError - code=2 error=End of file
